{"uuid":"b18ca88c-82a9-4f08-8bae-f2379226cd91","historyId":"5c62839736c97f3aee7fdfc657bf4bd7","testCaseId":"[engine:junit-jupiter]/[class:demowebshop.CartTests]/[method:checkTheItemInTheCart()]","testCaseName":"checkTheItemInTheCart()","fullName":"demowebshop.CartTests.checkTheItemInTheCart","labels":[{"name":"junit.platform.uniqueid","value":"[engine:junit-jupiter]/[class:demowebshop.CartTests]/[method:checkTheItemInTheCart()]"},{"name":"host","value":"alickgan"},{"name":"thread","value":"20100@alickgan.Test worker(1)"},{"name":"framework","value":"junit-platform"},{"name":"language","value":"java"},{"name":"package","value":"demowebshop.CartTests"},{"name":"testClass","value":"demowebshop.CartTests"},{"name":"testMethod","value":"checkTheItemInTheCart"},{"name":"suite","value":"demowebshop.CartTests"}],"links":[],"name":"checkTheItemInTheCart()","status":"failed","statusDetails":{"known":false,"muted":false,"flaky":false,"message":"Element not found {ico-login}\r\nExpected: clickable: interactable and enabled\r\nScreenshot: file:/C:/Users/gordi/IdeaProjects/selenide-github/build/reports/tests/1748545795440.0.png\r\nPage source: file:/C:/Users/gordi/IdeaProjects/selenide-github/build/reports/tests/1748545795440.0.html\r\nTimeout: 4 s.\r\nCaused by: NoSuchElementException: no such element: Unable to locate element: {\"method\":\"css selector\",\"selector\":\"ico-login\"}","trace":"Element not found {ico-login}\r\nExpected: clickable: interactable and enabled\r\nScreenshot: file:/C:/Users/gordi/IdeaProjects/selenide-github/build/reports/tests/1748545795440.0.png\r\nPage source: file:/C:/Users/gordi/IdeaProjects/selenide-github/build/reports/tests/1748545795440.0.html\r\nTimeout: 4 s.\r\nCaused by: NoSuchElementException: no such element: Unable to locate element: {\"method\":\"css selector\",\"selector\":\"ico-login\"}\r\n\tat com.codeborne.selenide.impl.WebElementSource.createElementNotFoundError(WebElementSource.java:68)\r\n\tat com.codeborne.selenide.impl.ElementFinder.createElementNotFoundError(ElementFinder.java:117)\r\n\tat com.codeborne.selenide.impl.WebElementSource.handleError(WebElementSource.java:119)\r\n\tat com.codeborne.selenide.impl.WebElementSource.checkConditionAndReturnElement(WebElementSource.java:102)\r\n\tat com.codeborne.selenide.impl.WebElementSource.findAndAssertElementIsClickable(WebElementSource.java:148)\r\n\tat com.codeborne.selenide.commands.Click.findElement(Click.java:42)\r\n\tat com.codeborne.selenide.commands.Click.execute(Click.java:28)\r\n\tat com.codeborne.selenide.FluentCommand.execute(FluentCommand.java:27)\r\n\tat com.codeborne.selenide.FluentCommand.execute(FluentCommand.java:19)\r\n\tat com.codeborne.selenide.commands.Commands.execute(Commands.java:160)\r\n\tat com.codeborne.selenide.impl.SelenideElementProxy.dispatchAndRetry(SelenideElementProxy.java:131)\r\n\tat com.codeborne.selenide.impl.SelenideElementProxy.invoke(SelenideElementProxy.java:83)\r\n\tat jdk.proxy3/jdk.proxy3.$Proxy17.click(Unknown Source)\r\n\tat demowebshop.CartTests.checkTheItemInTheCart(CartTests.java:16)\r\n\tat java.base/java.lang.reflect.Method.invoke(Method.java:568)\r\n\tat java.base/java.util.ArrayList.forEach(ArrayList.java:1511)\r\n\tat java.base/java.util.ArrayList.forEach(ArrayList.java:1511)\r\nCaused by: org.openqa.selenium.NoSuchElementException: no such element: Unable to locate element: {\"method\":\"css selector\",\"selector\":\"ico-login\"}\n  (Session info: chrome=137.0.7151.56)\nFor documentation on this error, please visit: https://www.selenium.dev/documentation/webdriver/troubleshooting/errors#no-such-element-exception\nBuild info: version: '4.27.0', revision: 'd6e718d134'\nSystem info: os.name: 'Windows 11', os.arch: 'amd64', os.version: '10.0', java.version: '17.0.3'\nDriver info: org.openqa.selenium.chrome.ChromeDriver\nCommand: [0067a8bad30a6338e09348e42acd6abb, findElement {value=ico-login, using=css selector}]\nCapabilities {acceptInsecureCerts: true, browserName: chrome, browserVersion: 137.0.7151.56, chrome: {chromedriverVersion: 137.0.7151.55 (254bc711794d..., userDataDir: C:\\Users\\gordi\\AppData\\Loca...}, fedcm:accounts: true, goog:chromeOptions: {debuggerAddress: localhost:55822}, networkConnectionEnabled: false, pageLoadStrategy: normal, platformName: windows, proxy: Proxy(), se:cdp: ws://localhost:55822/devtoo..., se:cdpVersion: 137.0.7151.56, setWindowRect: true, strictFileInteractability: false, timeouts: {implicit: 0, pageLoad: 300000, script: 30000}, unhandledPromptBehavior: accept, webauthn:extension:credBlob: true, webauthn:extension:largeBlob: true, webauthn:extension:minPinLength: true, webauthn:extension:prf: true, webauthn:virtualAuthenticators: true}\nSession ID: 0067a8bad30a6338e09348e42acd6abb\r\n\tat java.base/jdk.internal.reflect.NativeConstructorAccessorImpl.newInstance0(Native Method)\r\n\tat java.base/jdk.internal.reflect.NativeConstructorAccessorImpl.newInstance(NativeConstructorAccessorImpl.java:77)\r\n\tat java.base/jdk.internal.reflect.DelegatingConstructorAccessorImpl.newInstance(DelegatingConstructorAccessorImpl.java:45)\r\n\tat java.base/java.lang.reflect.Constructor.newInstanceWithCaller(Constructor.java:499)\r\n\tat java.base/java.lang.reflect.Constructor.newInstance(Constructor.java:480)\r\n\tat org.openqa.selenium.remote.ErrorCodec.decode(ErrorCodec.java:167)\r\n\tat org.openqa.selenium.remote.codec.w3c.W3CHttpResponseCodec.decode(W3CHttpResponseCodec.java:138)\r\n\tat org.openqa.selenium.remote.codec.w3c.W3CHttpResponseCodec.decode(W3CHttpResponseCodec.java:50)\r\n\tat org.openqa.selenium.remote.HttpCommandExecutor.execute(HttpCommandExecutor.java:190)\r\n\tat org.openqa.selenium.remote.service.DriverCommandExecutor.invokeExecute(DriverCommandExecutor.java:216)\r\n\tat org.openqa.selenium.remote.service.DriverCommandExecutor.execute(DriverCommandExecutor.java:174)\r\n\tat org.openqa.selenium.remote.RemoteWebDriver.execute(RemoteWebDriver.java:545)\r\n\tat org.openqa.selenium.remote.ElementLocation$ElementFinder$2.findElement(ElementLocation.java:165)\r\n\tat org.openqa.selenium.remote.ElementLocation.findElement(ElementLocation.java:59)\r\n\tat org.openqa.selenium.remote.RemoteWebDriver.findElement(RemoteWebDriver.java:368)\r\n\tat org.openqa.selenium.remote.RemoteWebDriver.findElement(RemoteWebDriver.java:362)\r\n\tat com.codeborne.selenide.impl.WebElementSelector.findElement(WebElementSelector.java:64)\r\n\tat com.codeborne.selenide.impl.WebElementSelector.findElement(WebElementSelector.java:39)\r\n\tat com.codeborne.selenide.impl.WebElementSelector.findElement(WebElementSelector.java:30)\r\n\tat com.codeborne.selenide.impl.ElementFinder.getWebElement(ElementFinder.java:101)\r\n\tat com.codeborne.selenide.impl.WebElementSource.checkConditionAndReturnElement(WebElementSource.java:91)\r\n\t... 13 more\r\n"},"stage":"finished","description":"","steps":[],"attachments":[],"parameters":[],"start":1748545788562,"stop":1748545795765}